                      :-) GROMACS - gmx mdrun, 2023.4 (-:

Executable:   /usr/local/gromacs/bin/gmx
Data prefix:  /usr/local/gromacs
Working dir:  /Users/adam/school/ntu/cadd/project/md
Command line:
  gmx mdrun -deffnm md001 -nt 10

Reading file md001.tpr, VERSION 2023.4 (single precision)
Changing nstlist from 5 to 80, rlist from 1.2 to 1.318

Update groups can not be used for this system because atoms that are (in)directly constrained together are interdispersed with other atoms

Using 10 MPI threads

WARNING: This run will generate roughly 2388 Mb of data

starting mdrun 'hc             1   1.008000  0.00000000  A     0.26495328      0.0656888'
5000000 steps,  10000.0 ps.

Writing final coordinates.


Dynamic load balancing report:
 DLB got disabled because it was unsuitable to use.
 Average load imbalance: 7.6%.
 The balanceable part of the MD step is 36%, load imbalance is computed from this.
 Part of the total run time spent waiting due to load imbalance: 2.8%.


               Core t (s)   Wall t (s)        (%)
       Time:   756936.627    75693.669     1000.0
                         21h01:33
                 (ns/day)    (hour/ns)
Performance:       11.414        2.103

GROMACS reminds you: "Sitting on a rooftop watching molecules collide" (A Camp)

